2025-07-17 18:24:59 - INFO - Starting simulations with the following parameters:
2025-07-17 18:24:59 - INFO - Matrix file: /Users/sam/Documents/Wesleyan/Thayer_Lab/2025/summer/bharat/matrices/trans_abs_matrix/AP_trans_abs.npz
2025-07-17 18:24:59 - INFO - Max steps: 100
2025-07-17 18:24:59 - INFO - Number of walks: 100
2025-07-17 18:24:59 - INFO - Random walk directory: /Users/sam/Documents/Wesleyan/Thayer_Lab/2025/summer/bharat/random_walk
2025-07-17 18:25:36 - INFO - Written random walks to /Users/sam/Documents/Wesleyan/Thayer_Lab/2025/summer/bharat/random_walk/AP_trans_abs_walks.csv
2025-07-17 18:25:36 - INFO - Simulation completed.
2025-09-18 21:49:48 - INFO - Starting simulations with the following parameters:
2025-09-18 21:49:48 - INFO - Matrix file: /Users/sam/Documents/Wesleyan/Thayer_Lab/2025/summer/bharat/matrices/trans_abs_matrix/AP_trans_abs.npz
2025-09-18 21:49:48 - INFO - Max steps: 100
2025-09-18 21:49:48 - INFO - Number of walks: 100
2025-09-18 21:49:48 - INFO - Random walk directory: /Users/sam/Documents/Wesleyan/Thayer_Lab/2025/summer/bharat/random_walk
2025-09-18 21:49:57 - INFO - Written random walks to /Users/sam/Documents/Wesleyan/Thayer_Lab/2025/summer/bharat/random_walk/AP_trans_abs_walks.csv
2025-09-18 21:49:57 - INFO - Simulation completed.
2025-09-18 22:13:33 - INFO - Starting simulations with the following parameters:
2025-09-18 22:13:33 - INFO - Matrix file: /Users/sam/Documents/Wesleyan/Thayer_Lab/2025/summer/bharat/matrices/trans_abs_matrix/AP_trans_abs.npz
2025-09-18 22:13:33 - INFO - Max steps: 100
2025-09-18 22:13:33 - INFO - Number of walks: 100
2025-09-18 22:13:33 - INFO - Random walk directory: /Users/sam/Documents/Wesleyan/Thayer_Lab/2025/summer/bharat/random_walk
2025-09-18 22:13:43 - INFO - Written random walks to /Users/sam/Documents/Wesleyan/Thayer_Lab/2025/summer/bharat/random_walk/AP_trans_abs_walks.csv
2025-09-18 22:13:43 - INFO - Simulation completed.
2025-10-08 23:46:08 - INFO - Starting simulations with the following parameters:
2025-10-08 23:46:08 - INFO - Matrix file: /Users/sam/Documents/Wesleyan/Thayer_Lab/2025/summer/bharat/matrices/trans_abs_matrix/AP_trans_abs.npz
2025-10-08 23:46:08 - INFO - Max steps: 100
2025-10-08 23:46:08 - INFO - Number of walks: 100
2025-10-08 23:46:08 - INFO - Random walk directory: /Users/sam/Documents/Wesleyan/Thayer_Lab/2025/summer/bharat/random_walk
2025-10-08 23:46:13 - INFO - Written random walks to /Users/sam/Documents/Wesleyan/Thayer_Lab/2025/summer/bharat/random_walk/AP_trans_abs_walks.csv
2025-10-08 23:46:13 - INFO - Simulation completed.
2025-10-09 15:01:41 - INFO - Starting simulations with the following parameters:
2025-10-09 15:01:41 - INFO - Matrix file: /Users/sam/Documents/Wesleyan/Thayer_Lab/2025/summer/bharat/matrices/trans_abs_matrix/AP_trans_abs.npz
2025-10-09 15:01:41 - INFO - Max steps: 100
2025-10-09 15:01:41 - INFO - Number of walks: 100
2025-10-09 15:01:41 - INFO - Random walk directory: /Users/sam/Documents/Wesleyan/Thayer_Lab/2025/summer/bharat/random_walk
2025-10-09 15:01:45 - INFO - Written random walks to /Users/sam/Documents/Wesleyan/Thayer_Lab/2025/summer/bharat/random_walk/AP_trans_abs_walks.csv
2025-10-09 15:01:45 - INFO - Simulation completed.
2026-01-03 18:55:00 - INFO - Starting simulations with the following parameters:
2026-01-03 18:55:00 - INFO - Matrix file: /Users/sam/Documents/Wesleyan/Thayer_Lab/2025/summer/bharat/matrices/trans_abs_matrix/AP_trans_abs.npz
2026-01-03 18:55:00 - INFO - Max steps: 100
2026-01-03 18:55:00 - INFO - Number of walks: 100
2026-01-03 18:55:00 - INFO - Random walk directory: /Users/sam/Documents/Wesleyan/Thayer_Lab/2025/summer/bharat/random_walk
2026-01-03 18:55:01 - INFO - Written random walks to /Users/sam/Documents/Wesleyan/Thayer_Lab/2025/summer/bharat/random_walk/AP_trans_abs_walks.csv
2026-01-03 18:55:01 - INFO - Simulation completed.
2026-01-03 18:56:16 - INFO - Starting simulations with the following parameters:
2026-01-03 18:56:16 - INFO - Matrix file: /Users/sam/Documents/Wesleyan/Thayer_Lab/2025/summer/bharat/matrices/trans_abs_matrix/AP_trans_abs.npz
2026-01-03 18:56:16 - INFO - Max steps: 100
2026-01-03 18:56:16 - INFO - Number of walks: 100
2026-01-03 18:56:16 - INFO - Random walk directory: /Users/sam/Documents/Wesleyan/Thayer_Lab/2025/summer/bharat/random_walk
2026-01-03 18:56:18 - INFO - Written random walks to /Users/sam/Documents/Wesleyan/Thayer_Lab/2025/summer/bharat/random_walk/AP_trans_abs_walks.csv
2026-01-03 18:56:18 - INFO - Simulation completed.
2026-01-03 19:06:28 - INFO - Starting simulations with the following parameters:
2026-01-03 19:06:28 - INFO - Matrix file: /Users/sam/Documents/Wesleyan/Thayer_Lab/2025/summer/bharat/matrices/trans_abs_matrix/AP_trans_abs.npz
2026-01-03 19:06:28 - INFO - Max steps: 100
2026-01-03 19:06:28 - INFO - Number of walks: 100
2026-01-03 19:06:28 - INFO - Random walk directory: /Users/sam/Documents/Wesleyan/Thayer_Lab/2025/summer/bharat/random_walk
2026-01-03 19:06:39 - INFO - Written random walks to /Users/sam/Documents/Wesleyan/Thayer_Lab/2025/summer/bharat/random_walk/AP_trans_abs_walks.csv
2026-01-03 19:06:39 - INFO - Simulation completed.
2026-01-04 12:21:08 - INFO - Starting simulations with the following parameters:
2026-01-04 12:21:08 - INFO - Matrix file: /Users/sam/Documents/Wesleyan/Thayer_Lab/2025/summer/bharat/matrices/trans_abs_matrix/AP_trans_abs.npz
2026-01-04 12:21:08 - INFO - Max steps: 1000
2026-01-04 12:21:08 - INFO - Number of walks: 100000
2026-01-04 12:21:08 - INFO - Random walk directory: /Users/sam/Documents/Wesleyan/Thayer_Lab/2025/summer/bharat/random_walk
2026-01-04 12:24:46 - INFO - Starting simulations with the following parameters:
2026-01-04 12:24:46 - INFO - Matrix file: /Users/sam/Documents/Wesleyan/Thayer_Lab/2025/summer/bharat/matrices/trans_abs_matrix/AP_trans_abs.npz
2026-01-04 12:24:46 - INFO - Max steps: 1000
2026-01-04 12:24:46 - INFO - Number of walks: 1000
2026-01-04 12:24:46 - INFO - Random walk directory: /Users/sam/Documents/Wesleyan/Thayer_Lab/2025/summer/bharat/random_walk
2026-01-04 12:24:49 - INFO - Written random walks to /Users/sam/Documents/Wesleyan/Thayer_Lab/2025/summer/bharat/random_walk/AP_trans_abs_walks.csv
2026-01-04 12:24:49 - INFO - Simulation completed.
2026-01-04 12:31:46 - INFO - Starting simulations with the following parameters:
2026-01-04 12:31:46 - INFO - Matrix file: /Users/sam/Documents/Wesleyan/Thayer_Lab/2025/summer/bharat/matrices/trans_abs_matrix/AP_trans_abs.npz
2026-01-04 12:31:46 - INFO - Max steps: 1000
2026-01-04 12:31:46 - INFO - Number of walks: 1000
2026-01-04 12:31:46 - INFO - Random walk directory: /Users/sam/Documents/Wesleyan/Thayer_Lab/2025/summer/bharat/random_walk
2026-01-04 12:32:03 - INFO - Written random walks to /Users/sam/Documents/Wesleyan/Thayer_Lab/2025/summer/bharat/random_walk/AP_trans_abs_walks.csv
2026-01-04 12:32:03 - INFO - Simulation completed.
2026-01-04 15:46:45 - INFO - Starting simulations with the following parameters:
2026-01-04 15:46:45 - INFO - Matrix file: /Users/sam/Documents/Wesleyan/Thayer_Lab/2025/summer/bharat/matrices/trans_abs_matrix/AP_trans_abs.npz
2026-01-04 15:46:45 - INFO - Max steps: 1000
2026-01-04 15:46:45 - INFO - Number of walks: 10000
2026-01-04 15:46:45 - INFO - Random walk directory: /Users/sam/Documents/Wesleyan/Thayer_Lab/2025/summer/bharat/random_walk
2026-01-04 15:50:04 - INFO - Written random walks to /Users/sam/Documents/Wesleyan/Thayer_Lab/2025/summer/bharat/random_walk/AP_trans_abs_walks.csv
2026-01-04 15:50:04 - INFO - Simulation completed.
2026-01-04 16:20:00 - INFO - Starting simulations with the following parameters:
2026-01-04 16:20:00 - INFO - Matrix file: /Users/sam/Documents/Wesleyan/Thayer_Lab/2025/summer/bharat/matrices/trans_abs_matrix/AP_trans_abs.npz
2026-01-04 16:20:00 - INFO - Max steps: 1000
2026-01-04 16:20:00 - INFO - Number of walks: 10000
2026-01-04 16:20:00 - INFO - Random walk directory: /Users/sam/Documents/Wesleyan/Thayer_Lab/2025/summer/bharat/random_walk
2026-01-04 16:20:33 - INFO - Written random walks to /Users/sam/Documents/Wesleyan/Thayer_Lab/2025/summer/bharat/random_walk/AP_trans_abs_walks.csv
2026-01-04 16:20:33 - INFO - Simulation completed.
