2025-07-17 18:25:50 - INFO - Starting simulations with the following parameters:
2025-07-17 18:25:50 - INFO - Matrix file: /Users/sam/Documents/Wesleyan/Thayer_Lab/2025/summer/bharat/matrices/trans_abs_matrix/P_trans_abs.npz
2025-07-17 18:25:50 - INFO - Max steps: 100
2025-07-17 18:25:50 - INFO - Number of walks: 100
2025-07-17 18:25:50 - INFO - Random walk directory: /Users/sam/Documents/Wesleyan/Thayer_Lab/2025/summer/bharat/random_walk
2025-07-17 18:26:45 - INFO - Written random walks to /Users/sam/Documents/Wesleyan/Thayer_Lab/2025/summer/bharat/random_walk/P_trans_abs_walks.csv
2025-07-17 18:26:45 - INFO - Simulation completed.
2025-09-18 21:50:07 - INFO - Starting simulations with the following parameters:
2025-09-18 21:50:07 - INFO - Matrix file: /Users/sam/Documents/Wesleyan/Thayer_Lab/2025/summer/bharat/matrices/trans_abs_matrix/P_trans_abs.npz
2025-09-18 21:50:07 - INFO - Max steps: 100
2025-09-18 21:50:07 - INFO - Number of walks: 100
2025-09-18 21:50:07 - INFO - Random walk directory: /Users/sam/Documents/Wesleyan/Thayer_Lab/2025/summer/bharat/random_walk
2025-09-18 21:50:17 - INFO - Written random walks to /Users/sam/Documents/Wesleyan/Thayer_Lab/2025/summer/bharat/random_walk/P_trans_abs_walks.csv
2025-09-18 21:50:17 - INFO - Simulation completed.
2025-09-18 22:13:53 - INFO - Starting simulations with the following parameters:
2025-09-18 22:13:53 - INFO - Matrix file: /Users/sam/Documents/Wesleyan/Thayer_Lab/2025/summer/bharat/matrices/trans_abs_matrix/P_trans_abs.npz
2025-09-18 22:13:53 - INFO - Max steps: 100
2025-09-18 22:13:53 - INFO - Number of walks: 100
2025-09-18 22:13:53 - INFO - Random walk directory: /Users/sam/Documents/Wesleyan/Thayer_Lab/2025/summer/bharat/random_walk
2025-09-18 22:14:03 - INFO - Written random walks to /Users/sam/Documents/Wesleyan/Thayer_Lab/2025/summer/bharat/random_walk/P_trans_abs_walks.csv
2025-09-18 22:14:03 - INFO - Simulation completed.
2025-10-08 23:46:18 - INFO - Starting simulations with the following parameters:
2025-10-08 23:46:18 - INFO - Matrix file: /Users/sam/Documents/Wesleyan/Thayer_Lab/2025/summer/bharat/matrices/trans_abs_matrix/P_trans_abs.npz
2025-10-08 23:46:18 - INFO - Max steps: 100
2025-10-08 23:46:18 - INFO - Number of walks: 100
2025-10-08 23:46:18 - INFO - Random walk directory: /Users/sam/Documents/Wesleyan/Thayer_Lab/2025/summer/bharat/random_walk
2025-10-08 23:46:25 - INFO - Written random walks to /Users/sam/Documents/Wesleyan/Thayer_Lab/2025/summer/bharat/random_walk/P_trans_abs_walks.csv
2025-10-08 23:46:25 - INFO - Simulation completed.
2025-10-09 15:01:50 - INFO - Starting simulations with the following parameters:
2025-10-09 15:01:50 - INFO - Matrix file: /Users/sam/Documents/Wesleyan/Thayer_Lab/2025/summer/bharat/matrices/trans_abs_matrix/P_trans_abs.npz
2025-10-09 15:01:50 - INFO - Max steps: 100
2025-10-09 15:01:50 - INFO - Number of walks: 100
2025-10-09 15:01:50 - INFO - Random walk directory: /Users/sam/Documents/Wesleyan/Thayer_Lab/2025/summer/bharat/random_walk
2025-10-09 15:01:56 - INFO - Written random walks to /Users/sam/Documents/Wesleyan/Thayer_Lab/2025/summer/bharat/random_walk/P_trans_abs_walks.csv
2025-10-09 15:01:56 - INFO - Simulation completed.
2026-01-03 18:55:03 - INFO - Starting simulations with the following parameters:
2026-01-03 18:55:03 - INFO - Matrix file: /Users/sam/Documents/Wesleyan/Thayer_Lab/2025/summer/bharat/matrices/trans_abs_matrix/P_trans_abs.npz
2026-01-03 18:55:03 - INFO - Max steps: 100
2026-01-03 18:55:03 - INFO - Number of walks: 100
2026-01-03 18:55:03 - INFO - Random walk directory: /Users/sam/Documents/Wesleyan/Thayer_Lab/2025/summer/bharat/random_walk
2026-01-03 18:55:05 - INFO - Written random walks to /Users/sam/Documents/Wesleyan/Thayer_Lab/2025/summer/bharat/random_walk/P_trans_abs_walks.csv
2026-01-03 18:55:05 - INFO - Simulation completed.
2026-01-03 18:56:19 - INFO - Starting simulations with the following parameters:
2026-01-03 18:56:19 - INFO - Matrix file: /Users/sam/Documents/Wesleyan/Thayer_Lab/2025/summer/bharat/matrices/trans_abs_matrix/P_trans_abs.npz
2026-01-03 18:56:19 - INFO - Max steps: 100
2026-01-03 18:56:19 - INFO - Number of walks: 100
2026-01-03 18:56:19 - INFO - Random walk directory: /Users/sam/Documents/Wesleyan/Thayer_Lab/2025/summer/bharat/random_walk
2026-01-03 18:56:21 - INFO - Written random walks to /Users/sam/Documents/Wesleyan/Thayer_Lab/2025/summer/bharat/random_walk/P_trans_abs_walks.csv
2026-01-03 18:56:21 - INFO - Simulation completed.
2026-01-03 19:06:47 - INFO - Starting simulations with the following parameters:
2026-01-03 19:06:47 - INFO - Matrix file: /Users/sam/Documents/Wesleyan/Thayer_Lab/2025/summer/bharat/matrices/trans_abs_matrix/P_trans_abs.npz
2026-01-03 19:06:47 - INFO - Max steps: 100
2026-01-03 19:06:47 - INFO - Number of walks: 100
2026-01-03 19:06:47 - INFO - Random walk directory: /Users/sam/Documents/Wesleyan/Thayer_Lab/2025/summer/bharat/random_walk
2026-01-03 19:07:01 - INFO - Written random walks to /Users/sam/Documents/Wesleyan/Thayer_Lab/2025/summer/bharat/random_walk/P_trans_abs_walks.csv
2026-01-03 19:07:01 - INFO - Simulation completed.
2026-01-04 12:24:52 - INFO - Starting simulations with the following parameters:
2026-01-04 12:24:52 - INFO - Matrix file: /Users/sam/Documents/Wesleyan/Thayer_Lab/2025/summer/bharat/matrices/trans_abs_matrix/P_trans_abs.npz
2026-01-04 12:24:52 - INFO - Max steps: 1000
2026-01-04 12:24:52 - INFO - Number of walks: 1000
2026-01-04 12:24:52 - INFO - Random walk directory: /Users/sam/Documents/Wesleyan/Thayer_Lab/2025/summer/bharat/random_walk
2026-01-04 12:24:57 - INFO - Written random walks to /Users/sam/Documents/Wesleyan/Thayer_Lab/2025/summer/bharat/random_walk/P_trans_abs_walks.csv
2026-01-04 12:24:57 - INFO - Simulation completed.
2026-01-04 12:32:13 - INFO - Starting simulations with the following parameters:
2026-01-04 12:32:13 - INFO - Matrix file: /Users/sam/Documents/Wesleyan/Thayer_Lab/2025/summer/bharat/matrices/trans_abs_matrix/P_trans_abs.npz
2026-01-04 12:32:13 - INFO - Max steps: 1000
2026-01-04 12:32:13 - INFO - Number of walks: 1000
2026-01-04 12:32:13 - INFO - Random walk directory: /Users/sam/Documents/Wesleyan/Thayer_Lab/2025/summer/bharat/random_walk
2026-01-04 12:32:59 - INFO - Written random walks to /Users/sam/Documents/Wesleyan/Thayer_Lab/2025/summer/bharat/random_walk/P_trans_abs_walks.csv
2026-01-04 12:32:59 - INFO - Simulation completed.
2026-01-04 15:52:15 - INFO - Starting simulations with the following parameters:
2026-01-04 15:52:15 - INFO - Matrix file: /Users/sam/Documents/Wesleyan/Thayer_Lab/2025/summer/bharat/matrices/trans_abs_matrix/P_trans_abs.npz
2026-01-04 15:52:15 - INFO - Max steps: 1000
2026-01-04 15:52:15 - INFO - Number of walks: 10000
2026-01-04 15:52:15 - INFO - Random walk directory: /Users/sam/Documents/Wesleyan/Thayer_Lab/2025/summer/bharat/random_walk
2026-01-04 15:58:00 - INFO - Written random walks to /Users/sam/Documents/Wesleyan/Thayer_Lab/2025/summer/bharat/random_walk/P_trans_abs_walks.csv
2026-01-04 15:58:00 - INFO - Simulation completed.
2026-01-04 16:20:46 - INFO - Starting simulations with the following parameters:
2026-01-04 16:20:46 - INFO - Matrix file: /Users/sam/Documents/Wesleyan/Thayer_Lab/2025/summer/bharat/matrices/trans_abs_matrix/P_trans_abs.npz
2026-01-04 16:20:46 - INFO - Max steps: 1000
2026-01-04 16:20:46 - INFO - Number of walks: 10000
2026-01-04 16:20:46 - INFO - Random walk directory: /Users/sam/Documents/Wesleyan/Thayer_Lab/2025/summer/bharat/random_walk
2026-01-04 16:21:56 - INFO - Written random walks to /Users/sam/Documents/Wesleyan/Thayer_Lab/2025/summer/bharat/random_walk/P_trans_abs_walks.csv
2026-01-04 16:21:56 - INFO - Simulation completed.
