nohup: ignoring input
Lower threshold value: 0.8
Random Walk Steps: 1000
Random Walk Number Of Walks: 
Processing the P construct
Exported NetworkX graph to ../../graphml/P/052.graphml
Exported NetworkX graph to ../../graphml/P/031.graphml
Exported NetworkX graph to ../../graphml/P/032.graphml
Exported NetworkX graph to ../../graphml/P/009.graphml
Exported NetworkX graph to ../../graphml/P/093.graphml
Exported NetworkX graph to ../../graphml/P/004.graphml
Exported NetworkX graph to ../../graphml/P/013.graphml
Exported NetworkX graph to ../../graphml/P/066.graphml
Exported NetworkX graph to ../../graphml/P/037.graphml
Exported NetworkX graph to ../../graphml/P/007.graphml
Exported NetworkX graph to ../../graphml/P/020.graphml
Exported NetworkX graph to ../../graphml/P/008.graphml
Exported NetworkX graph to ../../graphml/P/079.graphml
Exported NetworkX graph to ../../graphml/P/084.graphml
Exported NetworkX graph to ../../graphml/P/072.graphml
Exported NetworkX graph to ../../graphml/P/101.graphml
Exported NetworkX graph to ../../graphml/P/021.graphml
Exported NetworkX graph to ../../graphml/P/036.graphml
Exported NetworkX graph to ../../graphml/P/076.graphml
Exported NetworkX graph to ../../graphml/P/027.graphml
Exported NetworkX graph to ../../graphml/P/054.graphml
Exported NetworkX graph to ../../graphml/P/082.graphml
Exported NetworkX graph to ../../graphml/P/005.graphml
Exported NetworkX graph to ../../graphml/P/088.graphml
Exported NetworkX graph to ../../graphml/P/087.graphml
Exported NetworkX graph to ../../graphml/P/061.graphml
Exported NetworkX graph to ../../graphml/P/104.graphml
Exported NetworkX graph to ../../graphml/P/086.graphml
Exported NetworkX graph to ../../graphml/P/100.graphml
Exported NetworkX graph to ../../graphml/P/069.graphml
Exported NetworkX graph to ../../graphml/P/011.graphml
Exported NetworkX graph to ../../graphml/P/107.graphml
Exported NetworkX graph to ../../graphml/P/026.graphml
Exported NetworkX graph to ../../graphml/P/092.graphml
Exported NetworkX graph to ../../graphml/P/050.graphml
Exported NetworkX graph to ../../graphml/P/023.graphml
Exported NetworkX graph to ../../graphml/P/094.graphml
Exported NetworkX graph to ../../graphml/P/029.graphml
Exported NetworkX graph to ../../graphml/P/058.graphml
Exported NetworkX graph to ../../graphml/P/096.graphml
Exported NetworkX graph to ../../graphml/P/080.graphml
Exported NetworkX graph to ../../graphml/P/063.graphml
Exported NetworkX graph to ../../graphml/P/109.graphml
Exported NetworkX graph to ../../graphml/P/053.graphml
Exported NetworkX graph to ../../graphml/P/055.graphml
Exported NetworkX graph to ../../graphml/P/095.graphml
Exported NetworkX graph to ../../graphml/P/057.graphml
Exported NetworkX graph to ../../graphml/P/035.graphml
Exported NetworkX graph to ../../graphml/P/110.graphml
Exported NetworkX graph to ../../graphml/P/001.graphml
Exported NetworkX graph to ../../graphml/P/064.graphml
Exported NetworkX graph to ../../graphml/P/010.graphml
Exported NetworkX graph to ../../graphml/P/015.graphml
Exported NetworkX graph to ../../graphml/P/091.graphml
Exported NetworkX graph to ../../graphml/P/102.graphml
Exported NetworkX graph to ../../graphml/P/083.graphml
Exported NetworkX graph to ../../graphml/P/048.graphml
Exported NetworkX graph to ../../graphml/P/047.graphml
Exported NetworkX graph to ../../graphml/P/103.graphml
Exported NetworkX graph to ../../graphml/P/098.graphml
Exported NetworkX graph to ../../graphml/P/060.graphml
Exported NetworkX graph to ../../graphml/P/033.graphml
Exported NetworkX graph to ../../graphml/P/034.graphml
Exported NetworkX graph to ../../graphml/P/090.graphml
Exported NetworkX graph to ../../graphml/P/002.graphml
Exported NetworkX graph to ../../graphml/P/075.graphml
Exported NetworkX graph to ../../graphml/P/068.graphml
Exported NetworkX graph to ../../graphml/P/056.graphml
Exported NetworkX graph to ../../graphml/P/043.graphml
Exported NetworkX graph to ../../graphml/P/062.graphml
Exported NetworkX graph to ../../graphml/P/044.graphml
Exported NetworkX graph to ../../graphml/P/099.graphml
Exported NetworkX graph to ../../graphml/P/045.graphml
Exported NetworkX graph to ../../graphml/P/067.graphml
Exported NetworkX graph to ../../graphml/P/022.graphml
Exported NetworkX graph to ../../graphml/P/016.graphml
Exported NetworkX graph to ../../graphml/P/018.graphml
Exported NetworkX graph to ../../graphml/P/106.graphml
Exported NetworkX graph to ../../graphml/P/108.graphml
Exported NetworkX graph to ../../graphml/P/081.graphml
Exported NetworkX graph to ../../graphml/P/074.graphml
Exported NetworkX graph to ../../graphml/P/049.graphml
Exported NetworkX graph to ../../graphml/P/012.graphml
Processed ../../../dccms/P/023.dat
Processed ../../../dccms/P/087.dat
Processed ../../../dccms/P/095.dat
Processed ../../../dccms/P/106.dat
Processed ../../../dccms/P/083.dat
Processed ../../../dccms/P/101.dat
Processed ../../../dccms/P/027.dat
Processed ../../../dccms/P/008.dat
Processed ../../../dccms/P/033.dat
Processed ../../../dccms/P/068.dat
Processed ../../../dccms/P/004.dat
Processed ../../../dccms/P/011.dat
Processed ../../../dccms/P/052.dat
Processed ../../../dccms/P/063.dat
Processed ../../../dccms/P/064.dat
Processed ../../../dccms/P/094.dat
Processed ../../../dccms/P/099.dat
Processed ../../../dccms/P/108.dat
Processed ../../../dccms/P/054.dat
Processed ../../../dccms/P/013.dat
Processed ../../../dccms/P/048.dat
Processed ../../../dccms/P/061.dat
Processed ../../../dccms/P/057.dat
Processed ../../../dccms/P/056.dat
Processed ../../../dccms/P/107.dat
Processed ../../../dccms/P/010.dat
Processed ../../../dccms/P/034.dat
Processed ../../../dccms/P/104.dat
Processed ../../../dccms/P/109.dat
Processed ../../../dccms/P/066.dat
Processed ../../../dccms/P/047.dat
Processed ../../../dccms/P/031.dat
Processed ../../../dccms/P/079.dat
Processed ../../../dccms/P/043.dat
Processed ../../../dccms/P/035.dat
Processed ../../../dccms/P/045.dat
Processed ../../../dccms/P/029.dat
Processed ../../../dccms/P/021.dat
Processed ../../../dccms/P/082.dat
Processed ../../../dccms/P/081.dat
Processed ../../../dccms/P/084.dat
Processed ../../../dccms/P/037.dat
Processed ../../../dccms/P/090.dat
Processed ../../../dccms/P/026.dat
Processed ../../../dccms/P/086.dat
Processed ../../../dccms/P/067.dat
Processed ../../../dccms/P/015.dat
Processed ../../../dccms/P/032.dat
Processed ../../../dccms/P/007.dat
Processed ../../../dccms/P/058.dat
Processed ../../../dccms/P/103.dat
Processed ../../../dccms/P/074.dat
Processed ../../../dccms/P/005.dat
Processed ../../../dccms/P/022.dat
Processed ../../../dccms/P/036.dat
Processed ../../../dccms/P/110.dat
Processed ../../../dccms/P/092.dat
Processed ../../../dccms/P/096.dat
Processed ../../../dccms/P/009.dat
Processed ../../../dccms/P/100.dat
Processed ../../../dccms/P/002.dat
Processed ../../../dccms/P/053.dat
Processed ../../../dccms/P/091.dat
Processed ../../../dccms/P/049.dat
Processed ../../../dccms/P/098.dat
Processed ../../../dccms/P/062.dat
Processed ../../../dccms/P/016.dat
Processed ../../../dccms/P/093.dat
Processed ../../../dccms/P/020.dat
Processed ../../../dccms/P/072.dat
Processed ../../../dccms/P/076.dat
Processed ../../../dccms/P/088.dat
Processed ../../../dccms/P/069.dat
Processed ../../../dccms/P/050.dat
Processed ../../../dccms/P/080.dat
Processed ../../../dccms/P/055.dat
Processed ../../../dccms/P/001.dat
Processed ../../../dccms/P/102.dat
Processed ../../../dccms/P/060.dat
Processed ../../../dccms/P/075.dat
Processed ../../../dccms/P/044.dat
Processed ../../../dccms/P/018.dat
Processed ../../../dccms/P/012.dat
Finished processing the P constructn
Processing the PL construct
Exported NetworkX graph to ../../graphml/PL/120.graphml
Exported NetworkX graph to ../../graphml/PL/077.graphml
Exported NetworkX graph to ../../graphml/PL/107.graphml
Exported NetworkX graph to ../../graphml/PL/105.graphml
Exported NetworkX graph to ../../graphml/PL/002.graphml
Exported NetworkX graph to ../../graphml/PL/065.graphml
Exported NetworkX graph to ../../graphml/PL/085.graphml
Exported NetworkX graph to ../../graphml/PL/066.graphml
Exported NetworkX graph to ../../graphml/PL/058.graphml
Exported NetworkX graph to ../../graphml/PL/092.graphml
Exported NetworkX graph to ../../graphml/PL/017.graphml
Exported NetworkX graph to ../../graphml/PL/004.graphml
Exported NetworkX graph to ../../graphml/PL/114.graphml
Exported NetworkX graph to ../../graphml/PL/103.graphml
Exported NetworkX graph to ../../graphml/PL/020.graphml
Exported NetworkX graph to ../../graphml/PL/001.graphml
Exported NetworkX graph to ../../graphml/PL/093.graphml
Exported NetworkX graph to ../../graphml/PL/061.graphml
Exported NetworkX graph to ../../graphml/PL/034.graphml
Exported NetworkX graph to ../../graphml/PL/037.graphml
Exported NetworkX graph to ../../graphml/PL/016.graphml
Exported NetworkX graph to ../../graphml/PL/087.graphml
Exported NetworkX graph to ../../graphml/PL/054.graphml
Exported NetworkX graph to ../../graphml/PL/041.graphml
Exported NetworkX graph to ../../graphml/PL/084.graphml
Exported NetworkX graph to ../../graphml/PL/098.graphml
Exported NetworkX graph to ../../graphml/PL/050.graphml
Exported NetworkX graph to ../../graphml/PL/068.graphml
Exported NetworkX graph to ../../graphml/PL/108.graphml
Exported NetworkX graph to ../../graphml/PL/053.graphml
Exported NetworkX graph to ../../graphml/PL/119.graphml
Exported NetworkX graph to ../../graphml/PL/097.graphml
Exported NetworkX graph to ../../graphml/PL/111.graphml
Exported NetworkX graph to ../../graphml/PL/059.graphml
Exported NetworkX graph to ../../graphml/PL/028.graphml
Exported NetworkX graph to ../../graphml/PL/025.graphml
Exported NetworkX graph to ../../graphml/PL/038.graphml
Exported NetworkX graph to ../../graphml/PL/069.graphml
Exported NetworkX graph to ../../graphml/PL/027.graphml
Exported NetworkX graph to ../../graphml/PL/048.graphml
Exported NetworkX graph to ../../graphml/PL/010.graphml
Exported NetworkX graph to ../../graphml/PL/005.graphml
Exported NetworkX graph to ../../graphml/PL/049.graphml
Exported NetworkX graph to ../../graphml/PL/095.graphml
Exported NetworkX graph to ../../graphml/PL/057.graphml
Exported NetworkX graph to ../../graphml/PL/081.graphml
Exported NetworkX graph to ../../graphml/PL/067.graphml
Exported NetworkX graph to ../../graphml/PL/072.graphml
Exported NetworkX graph to ../../graphml/PL/042.graphml
Exported NetworkX graph to ../../graphml/PL/055.graphml
Exported NetworkX graph to ../../graphml/PL/101.graphml
Exported NetworkX graph to ../../graphml/PL/104.graphml
Exported NetworkX graph to ../../graphml/PL/036.graphml
Exported NetworkX graph to ../../graphml/PL/096.graphml
Exported NetworkX graph to ../../graphml/PL/080.graphml
Exported NetworkX graph to ../../graphml/PL/012.graphml
Exported NetworkX graph to ../../graphml/PL/099.graphml
Exported NetworkX graph to ../../graphml/PL/109.graphml
Exported NetworkX graph to ../../graphml/PL/032.graphml
Exported NetworkX graph to ../../graphml/PL/100.graphml
Exported NetworkX graph to ../../graphml/PL/018.graphml
Exported NetworkX graph to ../../graphml/PL/063.graphml
Exported NetworkX graph to ../../graphml/PL/021.graphml
Exported NetworkX graph to ../../graphml/PL/118.graphml
Exported NetworkX graph to ../../graphml/PL/086.graphml
Exported NetworkX graph to ../../graphml/PL/074.graphml
Exported NetworkX graph to ../../graphml/PL/091.graphml
Exported NetworkX graph to ../../graphml/PL/039.graphml
Exported NetworkX graph to ../../graphml/PL/113.graphml
Exported NetworkX graph to ../../graphml/PL/112.graphml
Exported NetworkX graph to ../../graphml/PL/026.graphml
Exported NetworkX graph to ../../graphml/PL/115.graphml
Exported NetworkX graph to ../../graphml/PL/117.graphml
Exported NetworkX graph to ../../graphml/PL/060.graphml
Exported NetworkX graph to ../../graphml/PL/052.graphml
Exported NetworkX graph to ../../graphml/PL/031.graphml
Exported NetworkX graph to ../../graphml/PL/062.graphml
Exported NetworkX graph to ../../graphml/PL/007.graphml
Exported NetworkX graph to ../../graphml/PL/071.graphml
Exported NetworkX graph to ../../graphml/PL/006.graphml
Exported NetworkX graph to ../../graphml/PL/023.graphml
Exported NetworkX graph to ../../graphml/PL/079.graphml
Exported NetworkX graph to ../../graphml/PL/073.graphml
Exported NetworkX graph to ../../graphml/PL/089.graphml
Exported NetworkX graph to ../../graphml/PL/088.graphml
Exported NetworkX graph to ../../graphml/PL/040.graphml
Exported NetworkX graph to ../../graphml/PL/106.graphml
Exported NetworkX graph to ../../graphml/PL/013.graphml
Exported NetworkX graph to ../../graphml/PL/015.graphml
Exported NetworkX graph to ../../graphml/PL/009.graphml
Exported NetworkX graph to ../../graphml/PL/014.graphml
Exported NetworkX graph to ../../graphml/PL/116.graphml
Processed ../../../dccms/PL/120.dat
Processed ../../../dccms/PL/095.dat
Processed ../../../dccms/PL/068.dat
Processed ../../../dccms/PL/027.dat
Processed ../../../dccms/PL/063.dat
Processed ../../../dccms/PL/113.dat
Processed ../../../dccms/PL/087.dat
Processed ../../../dccms/PL/023.dat
Processed ../../../dccms/PL/061.dat
Processed ../../../dccms/PL/111.dat
Processed ../../../dccms/PL/106.dat
Processed ../../../dccms/PL/077.dat
Processed ../../../dccms/PL/052.dat
Processed ../../../dccms/PL/021.dat
Processed ../../../dccms/PL/099.dat
Processed ../../../dccms/PL/004.dat
Processed ../../../dccms/PL/048.dat
Processed ../../../dccms/PL/057.dat
Processed ../../../dccms/PL/059.dat
Processed ../../../dccms/PL/085.dat
Processed ../../../dccms/PL/054.dat
Processed ../../../dccms/PL/101.dat
Processed ../../../dccms/PL/112.dat
Processed ../../../dccms/PL/079.dat
Processed ../../../dccms/PL/013.dat
Processed ../../../dccms/PL/107.dat
Processed ../../../dccms/PL/118.dat
Processed ../../../dccms/PL/108.dat
Processed ../../../dccms/PL/034.dat
Processed ../../../dccms/PL/114.dat
Processed ../../../dccms/PL/109.dat
Processed ../../../dccms/PL/041.dat
Processed ../../../dccms/PL/031.dat
Processed ../../../dccms/PL/081.dat
Processed ../../../dccms/PL/028.dat
Processed ../../../dccms/PL/026.dat
Processed ../../../dccms/PL/066.dat
Processed ../../../dccms/PL/104.dat
Processed ../../../dccms/PL/010.dat
Processed ../../../dccms/PL/086.dat
Processed ../../../dccms/PL/067.dat
Processed ../../../dccms/PL/062.dat
Processed ../../../dccms/PL/105.dat
Processed ../../../dccms/PL/053.dat
Processed ../../../dccms/PL/073.dat
Processed ../../../dccms/PL/058.dat
Processed ../../../dccms/PL/032.dat
Processed ../../../dccms/PL/074.dat
Processed ../../../dccms/PL/015.dat
Processed ../../../dccms/PL/007.dat
Processed ../../../dccms/PL/072.dat
Processed ../../../dccms/PL/103.dat
Processed ../../../dccms/PL/036.dat
Processed ../../../dccms/PL/084.dat
Processed ../../../dccms/PL/025.dat
Processed ../../../dccms/PL/005.dat
Processed ../../../dccms/PL/002.dat
Processed ../../../dccms/PL/089.dat
Processed ../../../dccms/PL/115.dat
Processed ../../../dccms/PL/092.dat
Processed ../../../dccms/PL/037.dat
Processed ../../../dccms/PL/119.dat
Processed ../../../dccms/PL/020.dat
Processed ../../../dccms/PL/009.dat
Processed ../../../dccms/PL/098.dat
Processed ../../../dccms/PL/096.dat
Processed ../../../dccms/PL/091.dat
Processed ../../../dccms/PL/001.dat
Processed ../../../dccms/PL/038.dat
Processed ../../../dccms/PL/088.dat
Processed ../../../dccms/PL/042.dat
Processed ../../../dccms/PL/080.dat
Processed ../../../dccms/PL/117.dat
Processed ../../../dccms/PL/071.dat
Processed ../../../dccms/PL/014.dat
Processed ../../../dccms/PL/100.dat
Processed ../../../dccms/PL/065.dat
Processed ../../../dccms/PL/017.dat
Processed ../../../dccms/PL/093.dat
Processed ../../../dccms/PL/016.dat
Processed ../../../dccms/PL/050.dat
Processed ../../../dccms/PL/097.dat
Processed ../../../dccms/PL/069.dat
Processed ../../../dccms/PL/049.dat
Processed ../../../dccms/PL/055.dat
Processed ../../../dccms/PL/012.dat
Processed ../../../dccms/PL/018.dat
Processed ../../../dccms/PL/039.dat
Processed ../../../dccms/PL/060.dat
Processed ../../../dccms/PL/006.dat
Processed ../../../dccms/PL/040.dat
Processed ../../../dccms/PL/116.dat
Finished processing the PL constructn
Processing the AP construct
Processed ../../../dccms/AP/004.dat
Processed ../../../dccms/AP/085.dat
Processed ../../../dccms/AP/296.dat
Processed ../../../dccms/AP/068.dat
Processed ../../../dccms/AP/052.dat
Processed ../../../dccms/AP/136.dat
Processed ../../../dccms/AP/140.dat
Processed ../../../dccms/AP/212.dat
Processed ../../../dccms/AP/284.dat
Processed ../../../dccms/AP/133.dat
Processed ../../../dccms/AP/172.dat
Processed ../../../dccms/AP/149.dat
Processed ../../../dccms/AP/087.dat
Processed ../../../dccms/AP/238.dat
Processed ../../../dccms/AP/260.dat
Processed ../../../dccms/AP/230.dat
Processed ../../../dccms/AP/099.dat
Processed ../../../dccms/AP/106.dat
Processed ../../../dccms/AP/095.dat
Processed ../../../dccms/AP/279.dat
Processed ../../../dccms/AP/185.dat
Processed ../../../dccms/AP/101.dat
Processed ../../../dccms/AP/187.dat
Processed ../../../dccms/AP/282.dat
Processed ../../../dccms/AP/281.dat
Processed ../../../dccms/AP/111.dat
Processed ../../../dccms/AP/063.dat
Processed ../../../dccms/AP/264.dat
Processed ../../../dccms/AP/027.dat
Processed ../../../dccms/AP/023.dat
Processed ../../../dccms/AP/256.dat
Processed ../../../dccms/AP/309.dat
Processed ../../../dccms/AP/269.dat
Processed ../../../dccms/AP/120.dat
Processed ../../../dccms/AP/289.dat
Processed ../../../dccms/AP/248.dat
Processed ../../../dccms/AP/144.dat
Processed ../../../dccms/AP/170.dat
Processed ../../../dccms/AP/061.dat
Processed ../../../dccms/AP/201.dat
Processed ../../../dccms/AP/113.dat
Processed ../../../dccms/AP/077.dat
Processed ../../../dccms/AP/180.dat
Processed ../../../dccms/AP/277.dat
Processed ../../../dccms/AP/057.dat
Processed ../../../dccms/AP/108.dat
Processed ../../../dccms/AP/137.dat
Processed ../../../dccms/AP/048.dat
Processed ../../../dccms/AP/021.dat
Processed ../../../dccms/AP/112.dat
Processed ../../../dccms/AP/122.dat
Processed ../../../dccms/AP/207.dat
Processed ../../../dccms/AP/203.dat
Processed ../../../dccms/AP/054.dat
Processed ../../../dccms/AP/079.dat
Processed ../../../dccms/AP/257.dat
Processed ../../../dccms/AP/151.dat
Processed ../../../dccms/AP/235.dat
Processed ../../../dccms/AP/123.dat
Processed ../../../dccms/AP/287.dat
Processed ../../../dccms/AP/254.dat
Processed ../../../dccms/AP/273.dat
Processed ../../../dccms/AP/245.dat
Processed ../../../dccms/AP/176.dat
Processed ../../../dccms/AP/215.dat
Processed ../../../dccms/AP/034.dat
Processed ../../../dccms/AP/308.dat
Processed ../../../dccms/AP/152.dat
Processed ../../../dccms/AP/128.dat
Processed ../../../dccms/AP/307.dat
Processed ../../../dccms/AP/059.dat
Processed ../../../dccms/AP/205.dat
Processed ../../../dccms/AP/200.dat
Processed ../../../dccms/AP/013.dat
Processed ../../../dccms/AP/107.dat
Processed ../../../dccms/AP/109.dat
Processed ../../../dccms/AP/125.dat
Processed ../../../dccms/AP/031.dat
Processed ../../../dccms/AP/197.dat
Processed ../../../dccms/AP/231.dat
Processed ../../../dccms/AP/114.dat
Processed ../../../dccms/AP/302.dat
Processed ../../../dccms/AP/135.dat
Processed ../../../dccms/AP/118.dat
Processed ../../../dccms/AP/217.dat
Processed ../../../dccms/AP/220.dat
Processed ../../../dccms/AP/229.dat
Processed ../../../dccms/AP/300.dat
Processed ../../../dccms/AP/066.dat
Processed ../../../dccms/AP/010.dat
Processed ../../../dccms/AP/250.dat
Processed ../../../dccms/AP/028.dat
Processed ../../../dccms/AP/237.dat
Processed ../../../dccms/AP/041.dat
Processed ../../../dccms/AP/081.dat
Processed ../../../dccms/AP/221.dat
Processed ../../../dccms/AP/104.dat
Processed ../../../dccms/AP/304.dat
Processed ../../../dccms/AP/026.dat
Processed ../../../dccms/AP/193.dat
Processed ../../../dccms/AP/073.dat
Processed ../../../dccms/AP/174.dat
Processed ../../../dccms/AP/159.dat
Processed ../../../dccms/AP/204.dat
Processed ../../../dccms/AP/105.dat
Processed ../../../dccms/AP/240.dat
Processed ../../../dccms/AP/015.dat
Processed ../../../dccms/AP/154.dat
Processed ../../../dccms/AP/130.dat
Processed ../../../dccms/AP/158.dat
Processed ../../../dccms/AP/210.dat
Processed ../../../dccms/AP/163.dat
Processed ../../../dccms/AP/086.dat
Processed ../../../dccms/AP/150.dat
Processed ../../../dccms/AP/053.dat
Processed ../../../dccms/AP/103.dat
Processed ../../../dccms/AP/139.dat
Processed ../../../dccms/AP/252.dat
Processed ../../../dccms/AP/037.dat
Processed ../../../dccms/AP/198.dat
Processed ../../../dccms/AP/271.dat
Processed ../../../dccms/AP/084.dat
Processed ../../../dccms/AP/032.dat
Processed ../../../dccms/AP/168.dat
Processed ../../../dccms/AP/196.dat
Processed ../../../dccms/AP/259.dat
Processed ../../../dccms/AP/145.dat
Processed ../../../dccms/AP/184.dat
Processed ../../../dccms/AP/062.dat
Processed ../../../dccms/AP/189.dat
Processed ../../../dccms/AP/209.dat
Processed ../../../dccms/AP/067.dat
Processed ../../../dccms/AP/219.dat
Processed ../../../dccms/AP/025.dat
Processed ../../../dccms/AP/224.dat
Processed ../../../dccms/AP/244.dat
Processed ../../../dccms/AP/115.dat
Processed ../../../dccms/AP/058.dat
Processed ../../../dccms/AP/156.dat
Processed ../../../dccms/AP/195.dat
Processed ../../../dccms/AP/143.dat
Processed ../../../dccms/AP/036.dat
Processed ../../../dccms/AP/232.dat
Processed ../../../dccms/AP/227.dat
Processed ../../../dccms/AP/191.dat
Processed ../../../dccms/AP/005.dat
Processed ../../../dccms/AP/267.dat
Processed ../../../dccms/AP/214.dat
Processed ../../../dccms/AP/280.dat
Processed ../../../dccms/AP/251.dat
Processed ../../../dccms/AP/074.dat
Processed ../../../dccms/AP/002.dat
Processed ../../../dccms/AP/303.dat
Processed ../../../dccms/AP/007.dat
Processed ../../../dccms/AP/266.dat
Processed ../../../dccms/AP/290.dat
Processed ../../../dccms/AP/268.dat
Processed ../../../dccms/AP/126.dat
Processed ../../../dccms/AP/089.dat
Processed ../../../dccms/AP/092.dat
Processed ../../../dccms/AP/213.dat
Processed ../../../dccms/AP/183.dat
Processed ../../../dccms/AP/100.dat
Processed ../../../dccms/AP/247.dat
Processed ../../../dccms/AP/246.dat
Processed ../../../dccms/AP/091.dat
Processed ../../../dccms/AP/009.dat
Processed ../../../dccms/AP/297.dat
Processed ../../../dccms/AP/262.dat
Processed ../../../dccms/AP/241.dat
Processed ../../../dccms/AP/181.dat
Processed ../../../dccms/AP/124.dat
Processed ../../../dccms/AP/071.dat
Processed ../../../dccms/AP/147.dat
Processed ../../../dccms/AP/274.dat
Processed ../../../dccms/AP/042.dat
Processed ../../../dccms/AP/208.dat
Processed ../../../dccms/AP/096.dat
Processed ../../../dccms/AP/161.dat
Processed ../../../dccms/AP/020.dat
Processed ../../../dccms/AP/098.dat
Processed ../../../dccms/AP/142.dat
Processed ../../../dccms/AP/157.dat
Processed ../../../dccms/AP/276.dat
Processed ../../../dccms/AP/038.dat
Processed ../../../dccms/AP/286.dat
Processed ../../../dccms/AP/182.dat
Processed ../../../dccms/AP/175.dat
Processed ../../../dccms/AP/190.dat
Processed ../../../dccms/AP/236.dat
Processed ../../../dccms/AP/049.dat
Processed ../../../dccms/AP/211.dat
Processed ../../../dccms/AP/065.dat
Processed ../../../dccms/AP/216.dat
Processed ../../../dccms/AP/088.dat
Processed ../../../dccms/AP/292.dat
Processed ../../../dccms/AP/272.dat
Processed ../../../dccms/AP/127.dat
Processed ../../../dccms/AP/141.dat
Processed ../../../dccms/AP/016.dat
Processed ../../../dccms/AP/097.dat
Processed ../../../dccms/AP/288.dat
Processed ../../../dccms/AP/234.dat
Processed ../../../dccms/AP/253.dat
Processed ../../../dccms/AP/162.dat
Processed ../../../dccms/AP/186.dat
Processed ../../../dccms/AP/165.dat
Processed ../../../dccms/AP/285.dat
Processed ../../../dccms/AP/001.dat
Processed ../../../dccms/AP/305.dat
Processed ../../../dccms/AP/171.dat
Processed ../../../dccms/AP/014.dat
Processed ../../../dccms/AP/164.dat
Processed ../../../dccms/AP/050.dat
Processed ../../../dccms/AP/177.dat
Processed ../../../dccms/AP/155.dat
Processed ../../../dccms/AP/080.dat
Processed ../../../dccms/AP/275.dat
Processed ../../../dccms/AP/039.dat
Processed ../../../dccms/AP/226.dat
Processed ../../../dccms/AP/306.dat
Processed ../../../dccms/AP/093.dat
Processed ../../../dccms/AP/243.dat
Processed ../../../dccms/AP/069.dat
Processed ../../../dccms/AP/040.dat
Processed ../../../dccms/AP/202.dat
Processed ../../../dccms/AP/199.dat
Exported NetworkX graph to ../../graphml/AP/284.graphml
Exported NetworkX graph to ../../graphml/AP/120.graphml
Exported NetworkX graph to ../../graphml/AP/203.graphml
Exported NetworkX graph to ../../graphml/AP/152.graphml
Exported NetworkX graph to ../../graphml/AP/302.graphml
Exported NetworkX graph to ../../graphml/AP/066.graphml
Exported NetworkX graph to ../../graphml/AP/159.graphml
Exported NetworkX graph to ../../graphml/AP/259.graphml
Exported NetworkX graph to ../../graphml/AP/191.graphml
Exported NetworkX graph to ../../graphml/AP/089.graphml
Exported NetworkX graph to ../../graphml/AP/274.graphml
Exported NetworkX graph to ../../graphml/AP/216.graphml
Exported NetworkX graph to ../../graphml/AP/171.graphml
Exported NetworkX graph to ../../graphml/AP/069.graphml
Exported NetworkX graph to ../../graphml/AP/296.graphml
Exported NetworkX graph to ../../graphml/AP/099.graphml
Exported NetworkX graph to ../../graphml/AP/309.graphml
Exported NetworkX graph to ../../graphml/AP/122.graphml
Exported NetworkX graph to ../../graphml/AP/205.graphml
Exported NetworkX graph to ../../graphml/AP/229.graphml
Exported NetworkX graph to ../../graphml/AP/073.graphml
Exported NetworkX graph to ../../graphml/AP/271.graphml
Exported NetworkX graph to ../../graphml/AP/115.graphml
Exported NetworkX graph to ../../graphml/AP/303.graphml
Exported NetworkX graph to ../../graphml/AP/297.graphml
Exported NetworkX graph to ../../graphml/AP/020.graphml
Exported NetworkX graph to ../../graphml/AP/127.graphml
Exported NetworkX graph to ../../graphml/AP/014.graphml
Exported NetworkX graph to ../../graphml/AP/040.graphml
Exported NetworkX graph to ../../graphml/AP/212.graphml
Exported NetworkX graph to ../../graphml/AP/106.graphml
Exported NetworkX graph to ../../graphml/AP/289.graphml
Exported NetworkX graph to ../../graphml/AP/048.graphml
Exported NetworkX graph to ../../graphml/AP/128.graphml
Exported NetworkX graph to ../../graphml/AP/114.graphml
Exported NetworkX graph to ../../graphml/AP/240.graphml
Exported NetworkX graph to ../../graphml/AP/103.graphml
Exported NetworkX graph to ../../graphml/AP/224.graphml
Exported NetworkX graph to ../../graphml/AP/280.graphml
Exported NetworkX graph to ../../graphml/AP/262.graphml
Exported NetworkX graph to ../../graphml/AP/096.graphml
Exported NetworkX graph to ../../graphml/AP/065.graphml
Exported NetworkX graph to ../../graphml/AP/305.graphml
Exported NetworkX graph to ../../graphml/AP/202.graphml
Exported NetworkX graph to ../../graphml/AP/052.graphml
Exported NetworkX graph to ../../graphml/AP/095.graphml
Exported NetworkX graph to ../../graphml/AP/248.graphml
Exported NetworkX graph to ../../graphml/AP/021.graphml
Exported NetworkX graph to ../../graphml/AP/273.graphml
Exported NetworkX graph to ../../graphml/AP/197.graphml
Exported NetworkX graph to ../../graphml/AP/028.graphml
Exported NetworkX graph to ../../graphml/AP/015.graphml
Exported NetworkX graph to ../../graphml/AP/168.graphml
Exported NetworkX graph to ../../graphml/AP/156.graphml
Exported NetworkX graph to ../../graphml/AP/266.graphml
Exported NetworkX graph to ../../graphml/AP/147.graphml
Exported NetworkX graph to ../../graphml/AP/190.graphml
Exported NetworkX graph to ../../graphml/AP/162.graphml
Exported NetworkX graph to ../../graphml/AP/199.graphml
Exported NetworkX graph to ../../graphml/AP/085.graphml
Exported NetworkX graph to ../../graphml/AP/279.graphml
Exported NetworkX graph to ../../graphml/AP/023.graphml
Exported NetworkX graph to ../../graphml/AP/207.graphml
Exported NetworkX graph to ../../graphml/AP/307.graphml
Exported NetworkX graph to ../../graphml/AP/217.graphml
Exported NetworkX graph to ../../graphml/AP/174.graphml
Exported NetworkX graph to ../../graphml/AP/198.graphml
Exported NetworkX graph to ../../graphml/AP/025.graphml
Exported NetworkX graph to ../../graphml/AP/005.graphml
Exported NetworkX graph to ../../graphml/AP/213.graphml
Exported NetworkX graph to ../../graphml/AP/042.graphml
Exported NetworkX graph to ../../graphml/AP/182.graphml
Exported NetworkX graph to ../../graphml/AP/234.graphml
Exported NetworkX graph to ../../graphml/AP/121.graphml
Exported NetworkX graph to ../../graphml/AP/238.graphml
Exported NetworkX graph to ../../graphml/AP/111.graphml
Exported NetworkX graph to ../../graphml/AP/061.graphml
Exported NetworkX graph to ../../graphml/AP/235.graphml
Exported NetworkX graph to ../../graphml/AP/059.graphml
Exported NetworkX graph to ../../graphml/AP/250.graphml
Exported NetworkX graph to ../../graphml/AP/252.graphml
Exported NetworkX graph to ../../graphml/AP/244.graphml
Exported NetworkX graph to ../../graphml/AP/126.graphml
Exported NetworkX graph to ../../graphml/AP/009.graphml
Exported NetworkX graph to ../../graphml/AP/276.graphml
Exported NetworkX graph to ../../graphml/AP/272.graphml
Exported NetworkX graph to ../../graphml/AP/164.graphml
Exported NetworkX graph to ../../graphml/AP/055.graphml
Exported NetworkX graph to ../../graphml/AP/172.graphml
Exported NetworkX graph to ../../graphml/AP/269.graphml
Exported NetworkX graph to ../../graphml/AP/108.graphml
Exported NetworkX graph to ../../graphml/AP/287.graphml
Exported NetworkX graph to ../../graphml/AP/135.graphml
Exported NetworkX graph to ../../graphml/AP/041.graphml
Exported NetworkX graph to ../../graphml/AP/105.graphml
Exported NetworkX graph to ../../graphml/AP/037.graphml
Exported NetworkX graph to ../../graphml/AP/067.graphml
Exported NetworkX graph to ../../graphml/AP/036.graphml
Exported NetworkX graph to ../../graphml/AP/002.graphml
Exported NetworkX graph to ../../graphml/AP/181.graphml
Exported NetworkX graph to ../../graphml/AP/211.graphml
Exported NetworkX graph to ../../graphml/AP/097.graphml
Exported NetworkX graph to ../../graphml/AP/155.graphml
Exported NetworkX graph to ../../graphml/AP/012.graphml
Exported NetworkX graph to ../../graphml/AP/087.graphml
Exported NetworkX graph to ../../graphml/AP/264.graphml
Exported NetworkX graph to ../../graphml/AP/113.graphml
Exported NetworkX graph to ../../graphml/AP/215.graphml
Exported NetworkX graph to ../../graphml/AP/031.graphml
Exported NetworkX graph to ../../graphml/AP/081.graphml
Exported NetworkX graph to ../../graphml/AP/158.graphml
Exported NetworkX graph to ../../graphml/AP/084.graphml
Exported NetworkX graph to ../../graphml/AP/195.graphml
Exported NetworkX graph to ../../graphml/AP/290.graphml
Exported NetworkX graph to ../../graphml/AP/208.graphml
Exported NetworkX graph to ../../graphml/AP/049.graphml
Exported NetworkX graph to ../../graphml/AP/165.graphml
Exported NetworkX graph to ../../graphml/AP/080.graphml
Exported NetworkX graph to ../../graphml/AP/060.graphml
Exported NetworkX graph to ../../graphml/AP/133.graphml
Exported NetworkX graph to ../../graphml/AP/282.graphml
Exported NetworkX graph to ../../graphml/AP/201.graphml
Exported NetworkX graph to ../../graphml/AP/254.graphml
Exported NetworkX graph to ../../graphml/AP/220.graphml
Exported NetworkX graph to ../../graphml/AP/026.graphml
Exported NetworkX graph to ../../graphml/AP/150.graphml
Exported NetworkX graph to ../../graphml/AP/184.graphml
Exported NetworkX graph to ../../graphml/AP/058.graphml
Exported NetworkX graph to ../../graphml/AP/074.graphml
Exported NetworkX graph to ../../graphml/AP/241.graphml
Exported NetworkX graph to ../../graphml/AP/098.graphml
Exported NetworkX graph to ../../graphml/AP/141.graphml
Exported NetworkX graph to ../../graphml/AP/275.graphml
Exported NetworkX graph to ../../graphml/AP/006.graphml
Exported NetworkX graph to ../../graphml/AP/004.graphml
Exported NetworkX graph to ../../graphml/AP/187.graphml
Exported NetworkX graph to ../../graphml/AP/144.graphml
Exported NetworkX graph to ../../graphml/AP/151.graphml
Exported NetworkX graph to ../../graphml/AP/231.graphml
Exported NetworkX graph to ../../graphml/AP/304.graphml
Exported NetworkX graph to ../../graphml/AP/139.graphml
Exported NetworkX graph to ../../graphml/AP/219.graphml
Exported NetworkX graph to ../../graphml/AP/268.graphml
Exported NetworkX graph to ../../graphml/AP/091.graphml
Exported NetworkX graph to ../../graphml/AP/157.graphml
Exported NetworkX graph to ../../graphml/AP/292.graphml
Exported NetworkX graph to ../../graphml/AP/226.graphml
Exported NetworkX graph to ../../graphml/AP/293.graphml
Exported NetworkX graph to ../../graphml/AP/149.graphml
Exported NetworkX graph to ../../graphml/AP/101.graphml
Exported NetworkX graph to ../../graphml/AP/170.graphml
Exported NetworkX graph to ../../graphml/AP/112.graphml
Exported NetworkX graph to ../../graphml/AP/176.graphml
Exported NetworkX graph to ../../graphml/AP/107.graphml
Exported NetworkX graph to ../../graphml/AP/221.graphml
Exported NetworkX graph to ../../graphml/AP/210.graphml
Exported NetworkX graph to ../../graphml/AP/209.graphml
Exported NetworkX graph to ../../graphml/AP/251.graphml
Exported NetworkX graph to ../../graphml/AP/124.graphml
Exported NetworkX graph to ../../graphml/AP/038.graphml
Exported NetworkX graph to ../../graphml/AP/186.graphml
Exported NetworkX graph to ../../graphml/AP/050.graphml
Exported NetworkX graph to ../../graphml/AP/146.graphml
Exported NetworkX graph to ../../graphml/AP/140.graphml
Exported NetworkX graph to ../../graphml/AP/281.graphml
Exported NetworkX graph to ../../graphml/AP/277.graphml
Exported NetworkX graph to ../../graphml/AP/257.graphml
Exported NetworkX graph to ../../graphml/AP/200.graphml
Exported NetworkX graph to ../../graphml/AP/237.graphml
Exported NetworkX graph to ../../graphml/AP/130.graphml
Exported NetworkX graph to ../../graphml/AP/196.graphml
Exported NetworkX graph to ../../graphml/AP/143.graphml
Exported NetworkX graph to ../../graphml/AP/007.graphml
Exported NetworkX graph to ../../graphml/AP/100.graphml
Exported NetworkX graph to ../../graphml/AP/161.graphml
Exported NetworkX graph to ../../graphml/AP/088.graphml
Exported NetworkX graph to ../../graphml/AP/001.graphml
Exported NetworkX graph to ../../graphml/AP/093.graphml
Exported NetworkX graph to ../../graphml/AP/194.graphml
Exported NetworkX graph to ../../graphml/AP/230.graphml
Exported NetworkX graph to ../../graphml/AP/027.graphml
Exported NetworkX graph to ../../graphml/AP/077.graphml
Exported NetworkX graph to ../../graphml/AP/054.graphml
Exported NetworkX graph to ../../graphml/AP/034.graphml
Exported NetworkX graph to ../../graphml/AP/118.graphml
Exported NetworkX graph to ../../graphml/AP/104.graphml
Exported NetworkX graph to ../../graphml/AP/163.graphml
Exported NetworkX graph to ../../graphml/AP/145.graphml
Exported NetworkX graph to ../../graphml/AP/232.graphml
Exported NetworkX graph to ../../graphml/AP/247.graphml
Exported NetworkX graph to ../../graphml/AP/286.graphml
Exported NetworkX graph to ../../graphml/AP/288.graphml
Exported NetworkX graph to ../../graphml/AP/177.graphml
Exported NetworkX graph to ../../graphml/AP/138.graphml
Exported NetworkX graph to ../../graphml/AP/136.graphml
Exported NetworkX graph to ../../graphml/AP/185.graphml
Exported NetworkX graph to ../../graphml/AP/180.graphml
Exported NetworkX graph to ../../graphml/AP/123.graphml
Exported NetworkX graph to ../../graphml/AP/125.graphml
Exported NetworkX graph to ../../graphml/AP/193.graphml
Exported NetworkX graph to ../../graphml/AP/086.graphml
Exported NetworkX graph to ../../graphml/AP/189.graphml
Exported NetworkX graph to ../../graphml/AP/267.graphml
Exported NetworkX graph to ../../graphml/AP/092.graphml
Exported NetworkX graph to ../../graphml/AP/071.graphml
Exported NetworkX graph to ../../graphml/AP/175.graphml
Exported NetworkX graph to ../../graphml/AP/016.graphml
Exported NetworkX graph to ../../graphml/AP/243.graphml
Exported NetworkX graph to ../../graphml/AP/018.graphml
Exported NetworkX graph to ../../graphml/AP/068.graphml
Exported NetworkX graph to ../../graphml/AP/256.graphml
Exported NetworkX graph to ../../graphml/AP/057.graphml
Exported NetworkX graph to ../../graphml/AP/079.graphml
Exported NetworkX graph to ../../graphml/AP/308.graphml
Exported NetworkX graph to ../../graphml/AP/109.graphml
Exported NetworkX graph to ../../graphml/AP/010.graphml
Exported NetworkX graph to ../../graphml/AP/154.graphml
Exported NetworkX graph to ../../graphml/AP/032.graphml
Exported NetworkX graph to ../../graphml/AP/214.graphml
Exported NetworkX graph to ../../graphml/AP/246.graphml
Exported NetworkX graph to ../../graphml/AP/142.graphml
Exported NetworkX graph to ../../graphml/AP/253.graphml
Exported NetworkX graph to ../../graphml/AP/306.graphml
Exported NetworkX graph to ../../graphml/AP/239.graphml
Exported NetworkX graph to ../../graphml/AP/260.graphml
Exported NetworkX graph to ../../graphml/AP/063.graphml
Exported NetworkX graph to ../../graphml/AP/137.graphml
Exported NetworkX graph to ../../graphml/AP/245.graphml
Exported NetworkX graph to ../../graphml/AP/013.graphml
Exported NetworkX graph to ../../graphml/AP/300.graphml
Exported NetworkX graph to ../../graphml/AP/204.graphml
Exported NetworkX graph to ../../graphml/AP/053.graphml
Exported NetworkX graph to ../../graphml/AP/062.graphml
Exported NetworkX graph to ../../graphml/AP/227.graphml
Exported NetworkX graph to ../../graphml/AP/183.graphml
Exported NetworkX graph to ../../graphml/AP/236.graphml
Exported NetworkX graph to ../../graphml/AP/285.graphml
Exported NetworkX graph to ../../graphml/AP/039.graphml
Exported NetworkX graph to ../../graphml/AP/263.graphml
Processed ../../../dccms/AP/121.dat
Processed ../../../dccms/AP/055.dat
Processed ../../../dccms/AP/012.dat
Processed ../../../dccms/AP/060.dat
Processed ../../../dccms/AP/006.dat
Processed ../../../dccms/AP/293.dat
Processed ../../../dccms/AP/146.dat
Processed ../../../dccms/AP/194.dat
Processed ../../../dccms/AP/138.dat
Processed ../../../dccms/AP/018.dat
Processed ../../../dccms/AP/239.dat
Processed ../../../dccms/AP/263.dat
Finished processing the AP constructn
Processing the APL construct
Processed ../../../dccms/APL/149.dat
Processed ../../../dccms/APL/085.dat
Processed ../../../dccms/APL/052.dat
Processed ../../../dccms/APL/260.dat
Processed ../../../dccms/APL/238.dat
Processed ../../../dccms/APL/230.dat
Processed ../../../dccms/APL/004.dat
Processed ../../../dccms/APL/212.dat
Processed ../../../dccms/APL/296.dat
Processed ../../../dccms/APL/140.dat
Processed ../../../dccms/APL/133.dat
Processed ../../../dccms/APL/284.dat
Processed ../../../dccms/APL/172.dat
Processed ../../../dccms/APL/136.dat
Processed ../../../dccms/APL/087.dat
Processed ../../../dccms/APL/068.dat
Processed ../../../dccms/APL/279.dat
Processed ../../../dccms/APL/185.dat
Processed ../../../dccms/APL/187.dat
Processed ../../../dccms/APL/281.dat
Processed ../../../dccms/APL/256.dat
Processed ../../../dccms/APL/095.dat
Processed ../../../dccms/APL/282.dat
Processed ../../../dccms/APL/269.dat
Processed ../../../dccms/APL/106.dat
Processed ../../../dccms/APL/120.dat
Processed ../../../dccms/APL/099.dat
Processed ../../../dccms/APL/101.dat
Processed ../../../dccms/APL/111.dat
Processed ../../../dccms/APL/027.dat
Processed ../../../dccms/APL/264.dat
Processed ../../../dccms/APL/063.dat
Processed ../../../dccms/APL/309.dat
Processed ../../../dccms/APL/023.dat
Processed ../../../dccms/APL/289.dat
Processed ../../../dccms/APL/248.dat
Processed ../../../dccms/APL/144.dat
Processed ../../../dccms/APL/170.dat
Processed ../../../dccms/APL/061.dat
Processed ../../../dccms/APL/137.dat
Processed ../../../dccms/APL/277.dat
Processed ../../../dccms/APL/201.dat
Processed ../../../dccms/APL/180.dat
Processed ../../../dccms/APL/113.dat
Processed ../../../dccms/APL/057.dat
Processed ../../../dccms/APL/207.dat
Processed ../../../dccms/APL/077.dat
Processed ../../../dccms/APL/122.dat
Processed ../../../dccms/APL/048.dat
Processed ../../../dccms/APL/203.dat
Processed ../../../dccms/APL/108.dat
Processed ../../../dccms/APL/021.dat
Processed ../../../dccms/APL/254.dat
Processed ../../../dccms/APL/054.dat
Processed ../../../dccms/APL/151.dat
Processed ../../../dccms/APL/215.dat
Processed ../../../dccms/APL/235.dat
Processed ../../../dccms/APL/112.dat
Processed ../../../dccms/APL/123.dat
Processed ../../../dccms/APL/257.dat
Processed ../../../dccms/APL/310.dat
Processed ../../../dccms/APL/287.dat
Processed ../../../dccms/APL/079.dat
Processed ../../../dccms/APL/245.dat
Processed ../../../dccms/APL/205.dat
Processed ../../../dccms/APL/128.dat
Processed ../../../dccms/APL/220.dat
Processed ../../../dccms/APL/034.dat
Processed ../../../dccms/APL/273.dat
Processed ../../../dccms/APL/176.dat
Processed ../../../dccms/APL/307.dat
Processed ../../../dccms/APL/308.dat
Processed ../../../dccms/APL/152.dat
Processed ../../../dccms/APL/059.dat
Processed ../../../dccms/APL/200.dat
Processed ../../../dccms/APL/231.dat
Processed ../../../dccms/APL/125.dat
Processed ../../../dccms/APL/135.dat
Processed ../../../dccms/APL/197.dat
Processed ../../../dccms/APL/013.dat
Processed ../../../dccms/APL/031.dat
Processed ../../../dccms/APL/237.dat
Processed ../../../dccms/APL/250.dat
Processed ../../../dccms/APL/217.dat
Processed ../../../dccms/APL/302.dat
Processed ../../../dccms/APL/229.dat
Processed ../../../dccms/APL/107.dat
Processed ../../../dccms/APL/118.dat
Processed ../../../dccms/APL/300.dat
Processed ../../../dccms/APL/109.dat
Processed ../../../dccms/APL/221.dat
Processed ../../../dccms/APL/010.dat
Processed ../../../dccms/APL/114.dat
Processed ../../../dccms/APL/314.dat
Processed ../../../dccms/APL/193.dat
Processed ../../../dccms/APL/311.dat
Processed ../../../dccms/APL/028.dat
Processed ../../../dccms/APL/304.dat
Processed ../../../dccms/APL/081.dat
Processed ../../../dccms/APL/041.dat
Processed ../../../dccms/APL/240.dat
Processed ../../../dccms/APL/174.dat
Processed ../../../dccms/APL/104.dat
Processed ../../../dccms/APL/026.dat
Processed ../../../dccms/APL/154.dat
Processed ../../../dccms/APL/159.dat
Processed ../../../dccms/APL/252.dat
Processed ../../../dccms/APL/204.dat
Processed ../../../dccms/APL/066.dat
Processed ../../../dccms/APL/073.dat
Processed ../../../dccms/APL/130.dat
Processed ../../../dccms/APL/105.dat
Processed ../../../dccms/APL/158.dat
Processed ../../../dccms/APL/210.dat
Processed ../../../dccms/APL/163.dat
Processed ../../../dccms/APL/259.dat
Processed ../../../dccms/APL/271.dat
Processed ../../../dccms/APL/139.dat
Processed ../../../dccms/APL/150.dat
Processed ../../../dccms/APL/198.dat
Processed ../../../dccms/APL/037.dat
Processed ../../../dccms/APL/053.dat
Processed ../../../dccms/APL/086.dat
Processed ../../../dccms/APL/168.dat
Processed ../../../dccms/APL/313.dat
Processed ../../../dccms/APL/032.dat
Processed ../../../dccms/APL/196.dat
Processed ../../../dccms/APL/103.dat
Processed ../../../dccms/APL/209.dat
Processed ../../../dccms/APL/145.dat
Processed ../../../dccms/APL/084.dat
Processed ../../../dccms/APL/224.dat
Processed ../../../dccms/APL/062.dat
Processed ../../../dccms/APL/189.dat
Processed ../../../dccms/APL/184.dat
Processed ../../../dccms/APL/219.dat
Processed ../../../dccms/APL/025.dat
Processed ../../../dccms/APL/244.dat
Processed ../../../dccms/APL/195.dat
Processed ../../../dccms/APL/214.dat
Processed ../../../dccms/APL/115.dat
Processed ../../../dccms/APL/143.dat
Processed ../../../dccms/APL/067.dat
Processed ../../../dccms/APL/191.dat
Processed ../../../dccms/APL/156.dat
Processed ../../../dccms/APL/232.dat
Processed ../../../dccms/APL/036.dat
Processed ../../../dccms/APL/251.dat
Processed ../../../dccms/APL/058.dat
Processed ../../../dccms/APL/005.dat
Processed ../../../dccms/APL/227.dat
Processed ../../../dccms/APL/267.dat
Processed ../../../dccms/APL/280.dat
Processed ../../../dccms/APL/268.dat
Processed ../../../dccms/APL/303.dat
Processed ../../../dccms/APL/007.dat
Processed ../../../dccms/APL/002.dat
Processed ../../../dccms/APL/126.dat
Processed ../../../dccms/APL/290.dat
Processed ../../../dccms/APL/266.dat
Processed ../../../dccms/APL/074.dat
Processed ../../../dccms/APL/247.dat
Processed ../../../dccms/APL/213.dat
Processed ../../../dccms/APL/089.dat
Processed ../../../dccms/APL/246.dat
Processed ../../../dccms/APL/183.dat
Processed ../../../dccms/APL/092.dat
Processed ../../../dccms/APL/262.dat
Processed ../../../dccms/APL/124.dat
Processed ../../../dccms/APL/241.dat
Processed ../../../dccms/APL/181.dat
Processed ../../../dccms/APL/297.dat
Processed ../../../dccms/APL/147.dat
Processed ../../../dccms/APL/009.dat
Processed ../../../dccms/APL/100.dat
Processed ../../../dccms/APL/208.dat
Processed ../../../dccms/APL/091.dat
Processed ../../../dccms/APL/274.dat
Processed ../../../dccms/APL/042.dat
Processed ../../../dccms/APL/286.dat
Processed ../../../dccms/APL/071.dat
Processed ../../../dccms/APL/161.dat
Processed ../../../dccms/APL/236.dat
Processed ../../../dccms/APL/142.dat
Processed ../../../dccms/APL/020.dat
Processed ../../../dccms/APL/276.dat
Processed ../../../dccms/APL/038.dat
Processed ../../../dccms/APL/157.dat
Processed ../../../dccms/APL/211.dat
Processed ../../../dccms/APL/096.dat
Processed ../../../dccms/APL/098.dat
Processed ../../../dccms/APL/190.dat
Processed ../../../dccms/APL/175.dat
Processed ../../../dccms/APL/216.dat
Processed ../../../dccms/APL/182.dat
Processed ../../../dccms/APL/049.dat
Processed ../../../dccms/APL/186.dat
Processed ../../../dccms/APL/253.dat
Processed ../../../dccms/APL/065.dat
Processed ../../../dccms/APL/292.dat
Processed ../../../dccms/APL/088.dat
Processed ../../../dccms/APL/141.dat
Processed ../../../dccms/APL/234.dat
Processed ../../../dccms/APL/127.dat
Processed ../../../dccms/APL/272.dat
Processed ../../../dccms/APL/016.dat
Processed ../../../dccms/APL/162.dat
Processed ../../../dccms/APL/288.dat
Processed ../../../dccms/APL/285.dat
Processed ../../../dccms/APL/165.dat
Processed ../../../dccms/APL/305.dat
Processed ../../../dccms/APL/001.dat
Processed ../../../dccms/APL/171.dat
Processed ../../../dccms/APL/014.dat
Processed ../../../dccms/APL/306.dat
Processed ../../../dccms/APL/226.dat
Processed ../../../dccms/APL/097.dat
Processed ../../../dccms/APL/275.dat
Processed ../../../dccms/APL/164.dat
Processed ../../../dccms/APL/243.dat
Processed ../../../dccms/APL/155.dat
Exported NetworkX graph to ../../graphml/APL/296.graphml
Exported NetworkX graph to ../../graphml/APL/120.graphml
Exported NetworkX graph to ../../graphml/APL/061.graphml
Exported NetworkX graph to ../../graphml/APL/235.graphml
Exported NetworkX graph to ../../graphml/APL/200.graphml
Exported NetworkX graph to ../../graphml/APL/314.graphml
Exported NetworkX graph to ../../graphml/APL/252.graphml
Exported NetworkX graph to ../../graphml/APL/053.graphml
Exported NetworkX graph to ../../graphml/APL/067.graphml
Exported NetworkX graph to ../../graphml/APL/290.graphml
Exported NetworkX graph to ../../graphml/APL/208.graphml
Exported NetworkX graph to ../../graphml/APL/175.graphml
Exported NetworkX graph to ../../graphml/APL/285.graphml
Exported NetworkX graph to ../../graphml/APL/050.graphml
Exported NetworkX graph to ../../graphml/APL/194.graphml
Exported NetworkX graph to ../../graphml/APL/018.graphml
Exported NetworkX graph to ../../graphml/APL/284.graphml
Exported NetworkX graph to ../../graphml/APL/101.graphml
Exported NetworkX graph to ../../graphml/APL/113.graphml
Exported NetworkX graph to ../../graphml/APL/257.graphml
Exported NetworkX graph to ../../graphml/APL/125.graphml
Exported NetworkX graph to ../../graphml/APL/221.graphml
Exported NetworkX graph to ../../graphml/APL/204.graphml
Exported NetworkX graph to ../../graphml/APL/037.graphml
Exported NetworkX graph to ../../graphml/APL/244.graphml
Exported NetworkX graph to ../../graphml/APL/280.graphml
Exported NetworkX graph to ../../graphml/APL/124.graphml
Exported NetworkX graph to ../../graphml/APL/157.graphml
Exported NetworkX graph to ../../graphml/APL/186.graphml
Exported NetworkX graph to ../../graphml/APL/171.graphml
Exported NetworkX graph to ../../graphml/APL/202.graphml
Exported NetworkX graph to ../../graphml/APL/230.graphml
Exported NetworkX graph to ../../graphml/APL/185.graphml
Exported NetworkX graph to ../../graphml/APL/289.graphml
Exported NetworkX graph to ../../graphml/APL/048.graphml
Exported NetworkX graph to ../../graphml/APL/128.graphml
Exported NetworkX graph to ../../graphml/APL/031.graphml
Exported NetworkX graph to ../../graphml/APL/081.graphml
Exported NetworkX graph to ../../graphml/APL/163.graphml
Exported NetworkX graph to ../../graphml/APL/145.graphml
Exported NetworkX graph to ../../graphml/APL/232.graphml
Exported NetworkX graph to ../../graphml/APL/247.graphml
Exported NetworkX graph to ../../graphml/APL/274.graphml
Exported NetworkX graph to ../../graphml/APL/216.graphml
Exported NetworkX graph to ../../graphml/APL/165.graphml
Exported NetworkX graph to ../../graphml/APL/080.graphml
Exported NetworkX graph to ../../graphml/APL/238.graphml
Exported NetworkX graph to ../../graphml/APL/095.graphml
Exported NetworkX graph to ../../graphml/APL/170.graphml
Exported NetworkX graph to ../../graphml/APL/112.graphml
Exported NetworkX graph to ../../graphml/APL/231.graphml
Exported NetworkX graph to ../../graphml/APL/300.graphml
Exported NetworkX graph to ../../graphml/APL/026.graphml
Exported NetworkX graph to ../../graphml/APL/198.graphml
Exported NetworkX graph to ../../graphml/APL/219.graphml
Exported NetworkX graph to ../../graphml/APL/268.graphml
Exported NetworkX graph to ../../graphml/APL/241.graphml
Exported NetworkX graph to ../../graphml/APL/276.graphml
Exported NetworkX graph to ../../graphml/APL/292.graphml
Exported NetworkX graph to ../../graphml/APL/164.graphml
Exported NetworkX graph to ../../graphml/APL/012.graphml
Exported NetworkX graph to ../../graphml/APL/172.graphml
Exported NetworkX graph to ../../graphml/APL/264.graphml
Exported NetworkX graph to ../../graphml/APL/057.graphml
Exported NetworkX graph to ../../graphml/APL/079.graphml
Exported NetworkX graph to ../../graphml/APL/197.graphml
Exported NetworkX graph to ../../graphml/APL/193.graphml
Exported NetworkX graph to ../../graphml/APL/130.graphml
Exported NetworkX graph to ../../graphml/APL/032.graphml
Exported NetworkX graph to ../../graphml/APL/214.graphml
Exported NetworkX graph to ../../graphml/APL/303.graphml
Exported NetworkX graph to ../../graphml/APL/181.graphml
Exported NetworkX graph to ../../graphml/APL/020.graphml
Exported NetworkX graph to ../../graphml/APL/253.graphml
Exported NetworkX graph to ../../graphml/APL/001.graphml
Exported NetworkX graph to ../../graphml/APL/093.graphml
Exported NetworkX graph to ../../graphml/APL/004.graphml
Exported NetworkX graph to ../../graphml/APL/281.graphml
Exported NetworkX graph to ../../graphml/APL/023.graphml
Exported NetworkX graph to ../../graphml/APL/203.graphml
Exported NetworkX graph to ../../graphml/APL/273.graphml
Exported NetworkX graph to ../../graphml/APL/302.graphml
Exported NetworkX graph to ../../graphml/APL/066.graphml
Exported NetworkX graph to ../../graphml/APL/103.graphml
Exported NetworkX graph to ../../graphml/APL/143.graphml
Exported NetworkX graph to ../../graphml/APL/266.graphml
Exported NetworkX graph to ../../graphml/APL/091.graphml
Exported NetworkX graph to ../../graphml/APL/190.graphml
Exported NetworkX graph to ../../graphml/APL/162.graphml
Exported NetworkX graph to ../../graphml/APL/306.graphml
Exported NetworkX graph to ../../graphml/APL/040.graphml
Exported NetworkX graph to ../../graphml/APL/068.graphml
Exported NetworkX graph to ../../graphml/APL/027.graphml
Exported NetworkX graph to ../../graphml/APL/207.graphml
Exported NetworkX graph to ../../graphml/APL/310.graphml
Exported NetworkX graph to ../../graphml/APL/135.graphml
Exported NetworkX graph to ../../graphml/APL/010.graphml
Exported NetworkX graph to ../../graphml/APL/159.graphml
Exported NetworkX graph to ../../graphml/APL/259.graphml
Exported NetworkX graph to ../../graphml/APL/189.graphml
Exported NetworkX graph to ../../graphml/APL/251.graphml
Exported NetworkX graph to ../../graphml/APL/089.graphml
Exported NetworkX graph to ../../graphml/APL/042.graphml
Exported NetworkX graph to ../../graphml/APL/182.graphml
Exported NetworkX graph to ../../graphml/APL/097.graphml
Exported NetworkX graph to ../../graphml/APL/146.graphml
Exported NetworkX graph to ../../graphml/APL/149.graphml
Exported NetworkX graph to ../../graphml/APL/187.graphml
Exported NetworkX graph to ../../graphml/APL/248.graphml
Exported NetworkX graph to ../../graphml/APL/021.graphml
Exported NetworkX graph to ../../graphml/APL/205.graphml
Exported NetworkX graph to ../../graphml/APL/107.graphml
Exported NetworkX graph to ../../graphml/APL/104.graphml
Exported NetworkX graph to ../../graphml/APL/271.graphml
Exported NetworkX graph to ../../graphml/APL/184.graphml
Exported NetworkX graph to ../../graphml/APL/036.graphml
Exported NetworkX graph to ../../graphml/APL/183.graphml
Exported NetworkX graph to ../../graphml/APL/161.graphml
Exported NetworkX graph to ../../graphml/APL/088.graphml
Exported NetworkX graph to ../../graphml/APL/014.graphml
Exported NetworkX graph to ../../graphml/APL/069.graphml
Exported NetworkX graph to ../../graphml/APL/260.graphml
Exported NetworkX graph to ../../graphml/APL/256.graphml
Exported NetworkX graph to ../../graphml/APL/180.graphml
Exported NetworkX graph to ../../graphml/APL/123.graphml
Exported NetworkX graph to ../../graphml/APL/059.graphml
Exported NetworkX graph to ../../graphml/APL/237.graphml
Exported NetworkX graph to ../../graphml/APL/028.graphml
Exported NetworkX graph to ../../graphml/APL/158.graphml
Exported NetworkX graph to ../../graphml/APL/084.graphml
Exported NetworkX graph to ../../graphml/APL/058.graphml
Exported NetworkX graph to ../../graphml/APL/213.graphml
Exported NetworkX graph to ../../graphml/APL/071.graphml
Exported NetworkX graph to ../../graphml/APL/065.graphml
Exported NetworkX graph to ../../graphml/APL/226.graphml
Exported NetworkX graph to ../../graphml/APL/055.graphml
Exported NetworkX graph to ../../graphml/APL/133.graphml
Exported NetworkX graph to ../../graphml/APL/269.graphml
Exported NetworkX graph to ../../graphml/APL/201.graphml
Exported NetworkX graph to ../../graphml/APL/054.graphml
Exported NetworkX graph to ../../graphml/APL/152.graphml
Exported NetworkX graph to ../../graphml/APL/229.graphml
Exported NetworkX graph to ../../graphml/APL/041.graphml
Exported NetworkX graph to ../../graphml/APL/139.graphml
Exported NetworkX graph to ../../graphml/APL/062.graphml
Exported NetworkX graph to ../../graphml/APL/267.graphml
Exported NetworkX graph to ../../graphml/APL/262.graphml
Exported NetworkX graph to ../../graphml/APL/142.graphml
Exported NetworkX graph to ../../graphml/APL/141.graphml
Exported NetworkX graph to ../../graphml/APL/275.graphml
Exported NetworkX graph to ../../graphml/APL/138.graphml
Exported NetworkX graph to ../../graphml/APL/140.graphml
Exported NetworkX graph to ../../graphml/APL/282.graphml
Exported NetworkX graph to ../../graphml/APL/144.graphml
Exported NetworkX graph to ../../graphml/APL/151.graphml
Exported NetworkX graph to ../../graphml/APL/034.graphml
Exported NetworkX graph to ../../graphml/APL/109.graphml
Exported NetworkX graph to ../../graphml/APL/073.graphml
Exported NetworkX graph to ../../graphml/APL/168.graphml
Exported NetworkX graph to ../../graphml/APL/115.graphml
Exported NetworkX graph to ../../graphml/APL/074.graphml
Exported NetworkX graph to ../../graphml/APL/009.graphml
Exported NetworkX graph to ../../graphml/APL/211.graphml
Exported NetworkX graph to ../../graphml/APL/288.graphml
Exported NetworkX graph to ../../graphml/APL/199.graphml
Exported NetworkX graph to ../../graphml/APL/312.graphml
Exported NetworkX graph to ../../graphml/APL/052.graphml
Exported NetworkX graph to ../../graphml/APL/099.graphml
Exported NetworkX graph to ../../graphml/APL/137.graphml
Exported NetworkX graph to ../../graphml/APL/254.graphml
Exported NetworkX graph to ../../graphml/APL/307.graphml
Exported NetworkX graph to ../../graphml/APL/217.graphml
Exported NetworkX graph to ../../graphml/APL/240.graphml
Exported NetworkX graph to ../../graphml/APL/150.graphml
Exported NetworkX graph to ../../graphml/APL/224.graphml
Exported NetworkX graph to ../../graphml/APL/227.graphml
Exported NetworkX graph to ../../graphml/APL/246.graphml
Exported NetworkX graph to ../../graphml/APL/236.graphml
Exported NetworkX graph to ../../graphml/APL/127.graphml
Exported NetworkX graph to ../../graphml/APL/155.graphml
Exported NetworkX graph to ../../graphml/APL/006.graphml
Exported NetworkX graph to ../../graphml/APL/212.graphml
Exported NetworkX graph to ../../graphml/APL/106.graphml
Exported NetworkX graph to ../../graphml/APL/277.graphml
Exported NetworkX graph to ../../graphml/APL/215.graphml
Exported NetworkX graph to ../../graphml/APL/308.graphml
Exported NetworkX graph to ../../graphml/APL/250.graphml
Exported NetworkX graph to ../../graphml/APL/304.graphml
Exported NetworkX graph to ../../graphml/APL/210.graphml
Exported NetworkX graph to ../../graphml/APL/209.graphml
Exported NetworkX graph to ../../graphml/APL/191.graphml
Exported NetworkX graph to ../../graphml/APL/007.graphml
Exported NetworkX graph to ../../graphml/APL/297.graphml
Exported NetworkX graph to ../../graphml/APL/096.graphml
Exported NetworkX graph to ../../graphml/APL/234.graphml
Exported NetworkX graph to ../../graphml/APL/243.graphml
Exported NetworkX graph to ../../graphml/APL/060.graphml
Exported NetworkX graph to ../../graphml/APL/085.graphml
Exported NetworkX graph to ../../graphml/APL/279.graphml
Exported NetworkX graph to ../../graphml/APL/309.graphml
Exported NetworkX graph to ../../graphml/APL/108.graphml
Exported NetworkX graph to ../../graphml/APL/176.graphml
Exported NetworkX graph to ../../graphml/APL/114.graphml
Exported NetworkX graph to ../../graphml/APL/154.graphml
Exported NetworkX graph to ../../graphml/APL/313.graphml
Exported NetworkX graph to ../../graphml/APL/195.graphml
Exported NetworkX graph to ../../graphml/APL/126.graphml
Exported NetworkX graph to ../../graphml/APL/147.graphml
Exported NetworkX graph to ../../graphml/APL/098.graphml
Exported NetworkX graph to ../../graphml/APL/016.graphml
Exported NetworkX graph to ../../graphml/APL/121.graphml
Exported NetworkX graph to ../../graphml/APL/239.graphml
Exported NetworkX graph to ../../graphml/APL/087.graphml
Exported NetworkX graph to ../../graphml/APL/063.graphml
Exported NetworkX graph to ../../graphml/APL/122.graphml
Exported NetworkX graph to ../../graphml/APL/245.graphml
Exported NetworkX graph to ../../graphml/APL/013.graphml
Exported NetworkX graph to ../../graphml/APL/311.graphml
Exported NetworkX graph to ../../graphml/APL/105.graphml
Exported NetworkX graph to ../../graphml/APL/196.graphml
Exported NetworkX graph to ../../graphml/APL/156.graphml
Exported NetworkX graph to ../../graphml/APL/002.graphml
Exported NetworkX graph to ../../graphml/APL/100.graphml
Exported NetworkX graph to ../../graphml/APL/038.graphml
Exported NetworkX graph to ../../graphml/APL/272.graphml
Exported NetworkX graph to ../../graphml/APL/177.graphml
Exported NetworkX graph to ../../graphml/APL/263.graphml
Exported NetworkX graph to ../../graphml/APL/136.graphml
Exported NetworkX graph to ../../graphml/APL/111.graphml
Exported NetworkX graph to ../../graphml/APL/077.graphml
Exported NetworkX graph to ../../graphml/APL/287.graphml
Exported NetworkX graph to ../../graphml/APL/220.graphml
Exported NetworkX graph to ../../graphml/APL/118.graphml
Exported NetworkX graph to ../../graphml/APL/174.graphml
Exported NetworkX graph to ../../graphml/APL/086.graphml
Exported NetworkX graph to ../../graphml/APL/025.graphml
Exported NetworkX graph to ../../graphml/APL/005.graphml
Exported NetworkX graph to ../../graphml/APL/092.graphml
Exported NetworkX graph to ../../graphml/APL/286.graphml
Exported NetworkX graph to ../../graphml/APL/049.graphml
Exported NetworkX graph to ../../graphml/APL/305.graphml
Exported NetworkX graph to ../../graphml/APL/039.graphml
Exported NetworkX graph to ../../graphml/APL/293.graphml
Processed ../../../dccms/APL/199.dat
Processed ../../../dccms/APL/177.dat
Processed ../../../dccms/APL/039.dat
Processed ../../../dccms/APL/121.dat
Processed ../../../dccms/APL/050.dat
Processed ../../../dccms/APL/194.dat
Processed ../../../dccms/APL/018.dat
Processed ../../../dccms/APL/202.dat
Processed ../../../dccms/APL/080.dat
Processed ../../../dccms/APL/012.dat
Processed ../../../dccms/APL/093.dat
Processed ../../../dccms/APL/040.dat
Processed ../../../dccms/APL/146.dat
Processed ../../../dccms/APL/069.dat
Processed ../../../dccms/APL/055.dat
Processed ../../../dccms/APL/138.dat
Processed ../../../dccms/APL/312.dat
Processed ../../../dccms/APL/006.dat
Processed ../../../dccms/APL/060.dat
Processed ../../../dccms/APL/239.dat
Processed ../../../dccms/APL/263.dat
Processed ../../../dccms/APL/293.dat
Finished processing the APL constructn

real	49m47.399s
user	29m27.891s
sys	2m17.738s
